c:\users\explorer\documents\visual studio 2015\projects\projectvisualsolution\projectvisual\x64\debug\vc140.pdb
c:\users\explorer\documents\visual studio 2015\projects\projectvisualsolution\projectvisual\x64\debug\vc140.idb
c:\users\explorer\documents\visual studio 2015\projects\projectvisualsolution\projectvisual\x64\debug\main.obj
c:\users\explorer\documents\github\cmsc436\hw1-visualization-construction\opengl\projectvisualsolution\projectvisual\x64\debug\vc140.pdb
c:\users\explorer\documents\github\cmsc436\hw1-visualization-construction\opengl\projectvisualsolution\projectvisual\x64\debug\vc140.idb
c:\users\explorer\documents\github\cmsc436\hw1-visualization-construction\opengl\projectvisualsolution\projectvisual\x64\debug\main.obj
c:\users\explorer\documents\visual studio 2015\projects\projectvisualsolution\x64\debug\projectvisual.ilk
c:\users\explorer\documents\visual studio 2015\projects\projectvisualsolution\x64\debug\projectvisual.exe
c:\users\explorer\documents\visual studio 2015\projects\projectvisualsolution\x64\debug\projectvisual.pdb
c:\users\explorer\documents\github\cmsc436\hw1-visualization-construction\opengl\projectvisualsolution\x64\debug\projectvisual.pdb
c:\users\explorer\documents\github\cmsc436\hw1-visualization-construction\opengl\projectvisualsolution\projectvisual\x64\debug\projectvisual.tlog\cl.command.1.tlog
c:\users\explorer\documents\github\cmsc436\hw1-visualization-construction\opengl\projectvisualsolution\projectvisual\x64\debug\projectvisual.tlog\cl.read.1.tlog
c:\users\explorer\documents\github\cmsc436\hw1-visualization-construction\opengl\projectvisualsolution\projectvisual\x64\debug\projectvisual.tlog\cl.write.1.tlog
c:\users\explorer\documents\github\cmsc436\hw1-visualization-construction\opengl\projectvisualsolution\projectvisual\x64\debug\projectvisual.tlog\link-cvtres.read.1.tlog
c:\users\explorer\documents\github\cmsc436\hw1-visualization-construction\opengl\projectvisualsolution\projectvisual\x64\debug\projectvisual.tlog\link-cvtres.write.1.tlog
c:\users\explorer\documents\github\cmsc436\hw1-visualization-construction\opengl\projectvisualsolution\projectvisual\x64\debug\projectvisual.tlog\link-rc.read.1.tlog
c:\users\explorer\documents\github\cmsc436\hw1-visualization-construction\opengl\projectvisualsolution\projectvisual\x64\debug\projectvisual.tlog\link-rc.write.1.tlog
c:\users\explorer\documents\github\cmsc436\hw1-visualization-construction\opengl\projectvisualsolution\projectvisual\x64\debug\projectvisual.tlog\link.12672-cvtres.read.1.tlog
c:\users\explorer\documents\github\cmsc436\hw1-visualization-construction\opengl\projectvisualsolution\projectvisual\x64\debug\projectvisual.tlog\link.12672-cvtres.write.1.tlog
c:\users\explorer\documents\github\cmsc436\hw1-visualization-construction\opengl\projectvisualsolution\projectvisual\x64\debug\projectvisual.tlog\link.12672-rc.read.1.tlog
c:\users\explorer\documents\github\cmsc436\hw1-visualization-construction\opengl\projectvisualsolution\projectvisual\x64\debug\projectvisual.tlog\link.12672-rc.write.1.tlog
c:\users\explorer\documents\github\cmsc436\hw1-visualization-construction\opengl\projectvisualsolution\projectvisual\x64\debug\projectvisual.tlog\link.12672.read.1.tlog
c:\users\explorer\documents\github\cmsc436\hw1-visualization-construction\opengl\projectvisualsolution\projectvisual\x64\debug\projectvisual.tlog\link.12672.write.1.tlog
c:\users\explorer\documents\github\cmsc436\hw1-visualization-construction\opengl\projectvisualsolution\projectvisual\x64\debug\projectvisual.tlog\link.command.1.tlog
c:\users\explorer\documents\github\cmsc436\hw1-visualization-construction\opengl\projectvisualsolution\projectvisual\x64\debug\projectvisual.tlog\link.read.1.tlog
c:\users\explorer\documents\github\cmsc436\hw1-visualization-construction\opengl\projectvisualsolution\projectvisual\x64\debug\projectvisual.tlog\link.write.1.tlog
